# JRE version: Java(TM) SE Runtime Environment (8.0_91-b14) (build 1.8.0_91-b14)
# Java VM: Java HotSpot(TM) 64-Bit Server VM (25.91-b14 mixed mode bsd-amd64 compressed oops)
Heap:
 PSYoungGen      total 266240K, used 63635K [0x000000076ab00000, 0x000000077ef00000, 0x00000007c0000000)
  eden space 246784K, 21% used [0x000000076ab00000,0x000000076de41348,0x0000000779c00000)
  from space 19456K, 57% used [0x0000000779c00000,0x000000077a6e3b20,0x000000077af00000)
  to   space 18944K, 0% used [0x000000077dc80000,0x000000077dc80000,0x000000077ef00000)
 ParOldGen       total 244736K, used 33777K [0x00000006c0000000, 0x00000006cef00000, 0x000000076ab00000)
  object space 244736K, 13% used [0x00000006c0000000,0x00000006c20fc600,0x00000006cef00000)
 Metaspace       used 61952K, capacity 64544K, committed 64640K, reserved 1105920K
  class space    used 7885K, capacity 8311K, committed 8320K, reserved 1048576K
GC Heap History (10 events):
Event: 9.814 GC heap before
{Heap before GC invocations=10 (full 2):
 PSYoungGen      total 146944K, used 131584K [0x000000076ab00000, 0x0000000778e00000, 0x00000007c0000000)
  eden space 131584K, 100% used [0x000000076ab00000,0x0000000772b80000,0x0000000772b80000)
  from space 15360K, 0% used [0x0000000772b80000,0x0000000772b80000,0x0000000773a80000)
  to   space 16384K, 0% used [0x0000000777e00000,0x0000000777e00000,0x0000000778e00000)
 ParOldGen       total 172544K, used 18707K [0x00000006c0000000, 0x00000006ca880000, 0x000000076ab00000)
  object space 172544K, 10% used [0x00000006c0000000,0x00000006c1244ee8,0x00000006ca880000)
 Metaspace       used 44492K, capacity 45812K, committed 46080K, reserved 1089536K
  class space    used 5748K, capacity 6017K, committed 6144K, reserved 1048576K
Event: 9.832 GC heap after
Heap after GC invocations=10 (full 2):
 PSYoungGen      total 206848K, used 11228K [0x000000076ab00000, 0x0000000778900000, 0x00000007c0000000)
  eden space 195584K, 0% used [0x000000076ab00000,0x000000076ab00000,0x0000000776a00000)
  from space 11264K, 99% used [0x0000000777e00000,0x00000007788f73d0,0x0000000778900000)
  to   space 15872K, 0% used [0x0000000776a00000,0x0000000776a00000,0x0000000777980000)
 ParOldGen       total 172544K, used 18715K [0x00000006c0000000, 0x00000006ca880000, 0x000000076ab00000)
  object space 172544K, 10% used [0x00000006c0000000,0x00000006c1246ee8,0x00000006ca880000)
 Metaspace       used 44492K, capacity 45812K, committed 46080K, reserved 1089536K
  class space    used 5748K, capacity 6017K, committed 6144K, reserved 1048576K
}
Event: 12.794 GC heap before
{Heap before GC invocations=11 (full 2):
 PSYoungGen      total 206848K, used 206812K [0x000000076ab00000, 0x0000000778900000, 0x00000007c0000000)
  eden space 195584K, 100% used [0x000000076ab00000,0x0000000776a00000,0x0000000776a00000)
  from space 11264K, 99% used [0x0000000777e00000,0x00000007788f73d0,0x0000000778900000)
  to   space 15872K, 0% used [0x0000000776a00000,0x0000000776a00000,0x0000000777980000)
 ParOldGen       total 172544K, used 18715K [0x00000006c0000000, 0x00000006ca880000, 0x000000076ab00000)
  object space 172544K, 10% used [0x00000006c0000000,0x00000006c1246ee8,0x00000006ca880000)
 Metaspace       used 54377K, capacity 56256K, committed 56320K, reserved 1097728K
  class space    used 7049K, capacity 7403K, committed 7424K, reserved 1048576K
Event: 12.815 GC heap after
Heap after GC invocations=11 (full 2):
 PSYoungGen      total 211456K, used 15866K [0x000000076ab00000, 0x000000077c080000, 0x00000007c0000000)
  eden space 195584K, 0% used [0x000000076ab00000,0x000000076ab00000,0x0000000776a00000)
  from space 15872K, 99% used [0x0000000776a00000,0x000000077797e8a0,0x0000000777980000)
  to   space 17920K, 0% used [0x000000077af00000,0x000000077af00000,0x000000077c080000)
 ParOldGen       total 172544K, used 20280K [0x00000006c0000000, 0x00000006ca880000, 0x000000076ab00000)
  object space 172544K, 11% used [0x00000006c0000000,0x00000006c13ce1c8,0x00000006ca880000)
 Metaspace       used 54377K, capacity 56256K, committed 56320K, reserved 1097728K
  class space    used 7049K, capacity 7403K, committed 7424K, reserved 1048576K
}
Event: 14.636 GC heap before
{Heap before GC invocations=12 (full 2):
 PSYoungGen      total 211456K, used 163102K [0x000000076ab00000, 0x000000077c080000, 0x00000007c0000000)
  eden space 195584K, 75% used [0x000000076ab00000,0x0000000773ac9228,0x0000000776a00000)
  from space 15872K, 99% used [0x0000000776a00000,0x000000077797e8a0,0x0000000777980000)
  to   space 17920K, 0% used [0x000000077af00000,0x000000077af00000,0x000000077c080000)
 ParOldGen       total 172544K, used 20280K [0x00000006c0000000, 0x00000006ca880000, 0x000000076ab00000)
  object space 172544K, 11% used [0x00000006c0000000,0x00000006c13ce1c8,0x00000006ca880000)
 Metaspace       used 56759K, capacity 58980K, committed 59028K, reserved 1101824K
  class space    used 7374K, capacity 7767K, committed 7808K, reserved 1048576K
Event: 14.660 GC heap after
Heap after GC invocations=12 (full 2):
 PSYoungGen      total 264704K, used 16785K [0x000000076ab00000, 0x000000077c300000, 0x00000007c0000000)
  eden space 246784K, 0% used [0x000000076ab00000,0x000000076ab00000,0x0000000779c00000)
  from space 17920K, 93% used [0x000000077af00000,0x000000077bf64680,0x000000077c080000)
  to   space 19456K, 0% used [0x0000000779c00000,0x0000000779c00000,0x000000077af00000)
 ParOldGen       total 172544K, used 20288K [0x00000006c0000000, 0x00000006ca880000, 0x000000076ab00000)
  object space 172544K, 11% used [0x00000006c0000000,0x00000006c13d01c8,0x00000006ca880000)
 Metaspace       used 56759K, capacity 58980K, committed 59028K, reserved 1101824K
  class space    used 7374K, capacity 7767K, committed 7808K, reserved 1048576K
}
Event: 14.660 GC heap before
{Heap before GC invocations=13 (full 3):
 PSYoungGen      total 264704K, used 16785K [0x000000076ab00000, 0x000000077c300000, 0x00000007c0000000)
  eden space 246784K, 0% used [0x000000076ab00000,0x000000076ab00000,0x0000000779c00000)
  from space 17920K, 93% used [0x000000077af00000,0x000000077bf64680,0x000000077c080000)
  to   space 19456K, 0% used [0x0000000779c00000,0x0000000779c00000,0x000000077af00000)
 ParOldGen       total 172544K, used 20288K [0x00000006c0000000, 0x00000006ca880000, 0x000000076ab00000)
  object space 172544K, 11% used [0x00000006c0000000,0x00000006c13d01c8,0x00000006ca880000)
 Metaspace       used 56759K, capacity 58980K, committed 59028K, reserved 1101824K
  class space    used 7374K, capacity 7767K, committed 7808K, reserved 1048576K
Event: 14.890 GC heap after
Heap after GC invocations=13 (full 3):
 PSYoungGen      total 264704K, used 0K [0x000000076ab00000, 0x000000077c300000, 0x00000007c0000000)
  eden space 246784K, 0% used [0x000000076ab00000,0x000000076ab00000,0x0000000779c00000)
  from space 17920K, 0% used [0x000000077af00000,0x000000077af00000,0x000000077c080000)
  to   space 19456K, 0% used [0x0000000779c00000,0x0000000779c00000,0x000000077af00000)
 ParOldGen       total 244736K, used 33769K [0x00000006c0000000, 0x00000006cef00000, 0x000000076ab00000)
  object space 244736K, 13% used [0x00000006c0000000,0x00000006c20fa600,0x00000006cef00000)
 Metaspace       used 56759K, capacity 58980K, committed 59028K, reserved 1101824K
  class space    used 7374K, capacity 7767K, committed 7808K, reserved 1048576K
}
Event: 1223.174 GC heap before
{Heap before GC invocations=14 (full 3):
 PSYoungGen      total 264704K, used 246784K [0x000000076ab00000, 0x000000077c300000, 0x00000007c0000000)
  eden space 246784K, 100% used [0x000000076ab00000,0x0000000779c00000,0x0000000779c00000)
  from space 17920K, 0% used [0x000000077af00000,0x000000077af00000,0x000000077c080000)
  to   space 19456K, 0% used [0x0000000779c00000,0x0000000779c00000,0x000000077af00000)
 ParOldGen       total 244736K, used 33769K [0x00000006c0000000, 0x00000006cef00000, 0x000000076ab00000)
  object space 244736K, 13% used [0x00000006c0000000,0x00000006c20fa600,0x00000006cef00000)
 Metaspace       used 61837K, capacity 64462K, committed 64640K, reserved 1105920K
  class space    used 7879K, capacity 8308K, committed 8320K, reserved 1048576K
Event: 1223.205 GC heap after
Heap after GC invocations=14 (full 3):
 PSYoungGen      total 266240K, used 11150K [0x000000076ab00000, 0x000000077ef00000, 0x00000007c0000000)
  eden space 246784K, 0% used [0x000000076ab00000,0x000000076ab00000,0x0000000779c00000)
  from space 19456K, 57% used [0x0000000779c00000,0x000000077a6e3b20,0x000000077af00000)
  to   space 18944K, 0% used [0x000000077dc80000,0x000000077dc80000,0x000000077ef00000)
 ParOldGen       total 244736K, used 33777K [0x00000006c0000000, 0x00000006cef00000, 0x000000076ab00000)
  object space 244736K, 13% used [0x00000006c0000000,0x00000006c20fc600,0x00000006cef00000)
 Metaspace       used 61837K, capacity 64462K, committed 64640K, reserved 1105920K
  class space    used 7879K, capacity 8308K, committed 8320K, reserved 1048576K
}

