# JRE version: Java(TM) SE Runtime Environment (8.0_91-b14) (build 1.8.0_91-b14)
# Java VM: Java HotSpot(TM) 64-Bit Server VM (25.91-b14 mixed mode bsd-amd64 compressed oops)
Heap:
 PSYoungGen      total 370176K, used 150794K [0x000000076ab00000, 0x000000078bb80000, 0x00000007c0000000)
  eden space 345088K, 36% used [0x000000076ab00000,0x00000007725c6b30,0x000000077fc00000)
  from space 25088K, 99% used [0x000000077fc00000,0x000000078147c030,0x0000000781480000)
  to   space 48640K, 0% used [0x0000000788c00000,0x0000000788c00000,0x000000078bb80000)
 ParOldGen       total 196096K, used 102866K [0x00000006c0000000, 0x00000006cbf80000, 0x000000076ab00000)
  object space 196096K, 52% used [0x00000006c0000000,0x00000006c6474ae0,0x00000006cbf80000)
 Metaspace       used 76283K, capacity 79598K, committed 79744K, reserved 1118208K
  class space    used 10072K, capacity 10820K, committed 10880K, reserved 1048576K
GC Heap History (10 events):
Event: 11.726 GC heap before
{Heap before GC invocations=10 (full 2):
 PSYoungGen      total 173056K, used 157696K [0x000000076ab00000, 0x000000077d500000, 0x00000007c0000000)
  eden space 157696K, 100% used [0x000000076ab00000,0x0000000774500000,0x0000000774500000)
  from space 15360K, 0% used [0x0000000774500000,0x0000000774500000,0x0000000775400000)
  to   space 15872K, 0% used [0x000000077c580000,0x000000077c580000,0x000000077d500000)
 ParOldGen       total 141824K, used 17946K [0x00000006c0000000, 0x00000006c8a80000, 0x000000076ab00000)
  object space 141824K, 12% used [0x00000006c0000000,0x00000006c1186be8,0x00000006c8a80000)
 Metaspace       used 44107K, capacity 45444K, committed 45952K, reserved 1089536K
  class space    used 5672K, capacity 5957K, committed 6016K, reserved 1048576K
Event: 11.742 GC heap after
Heap after GC invocations=10 (full 2):
 PSYoungGen      total 270336K, used 11668K [0x000000076ab00000, 0x000000077d100000, 0x00000007c0000000)
  eden space 258560K, 0% used [0x000000076ab00000,0x000000076ab00000,0x000000077a780000)
  from space 11776K, 99% used [0x000000077c580000,0x000000077d0e5398,0x000000077d100000)
  to   space 15872K, 0% used [0x000000077b200000,0x000000077b200000,0x000000077c180000)
 ParOldGen       total 141824K, used 17954K [0x00000006c0000000, 0x00000006c8a80000, 0x000000076ab00000)
  object space 141824K, 12% used [0x00000006c0000000,0x00000006c1188be8,0x00000006c8a80000)
 Metaspace       used 44107K, capacity 45444K, committed 45952K, reserved 1089536K
  class space    used 5672K, capacity 5957K, committed 6016K, reserved 1048576K
}
Event: 14.712 GC heap before
{Heap before GC invocations=11 (full 2):
 PSYoungGen      total 270336K, used 218700K [0x000000076ab00000, 0x000000077d100000, 0x00000007c0000000)
  eden space 258560K, 80% used [0x000000076ab00000,0x000000077752de28,0x000000077a780000)
  from space 11776K, 99% used [0x000000077c580000,0x000000077d0e5398,0x000000077d100000)
  to   space 15872K, 0% used [0x000000077b200000,0x000000077b200000,0x000000077c180000)
 ParOldGen       total 141824K, used 17954K [0x00000006c0000000, 0x00000006c8a80000, 0x000000076ab00000)
  object space 141824K, 12% used [0x00000006c0000000,0x00000006c1188be8,0x00000006c8a80000)
 Metaspace       used 56668K, capacity 58770K, committed 59008K, reserved 1099776K
  class space    used 7370K, capacity 7778K, committed 7808K, reserved 1048576K
Event: 14.741 GC heap after
Heap after GC invocations=11 (full 2):
 PSYoungGen      total 285184K, used 15847K [0x000000076ab00000, 0x0000000782680000, 0x00000007c0000000)
  eden space 269312K, 0% used [0x000000076ab00000,0x000000076ab00000,0x000000077b200000)
  from space 15872K, 99% used [0x000000077b200000,0x000000077c179f38,0x000000077c180000)
  to   space 18432K, 0% used [0x0000000781480000,0x0000000781480000,0x0000000782680000)
 ParOldGen       total 141824K, used 20906K [0x00000006c0000000, 0x00000006c8a80000, 0x000000076ab00000)
  object space 141824K, 14% used [0x00000006c0000000,0x00000006c146aae0,0x00000006c8a80000)
 Metaspace       used 56668K, capacity 58770K, committed 59008K, reserved 1099776K
  class space    used 7370K, capacity 7778K, committed 7808K, reserved 1048576K
}
Event: 14.741 GC heap before
{Heap before GC invocations=12 (full 3):
 PSYoungGen      total 285184K, used 15847K [0x000000076ab00000, 0x0000000782680000, 0x00000007c0000000)
  eden space 269312K, 0% used [0x000000076ab00000,0x000000076ab00000,0x000000077b200000)
  from space 15872K, 99% used [0x000000077b200000,0x000000077c179f38,0x000000077c180000)
  to   space 18432K, 0% used [0x0000000781480000,0x0000000781480000,0x0000000782680000)
 ParOldGen       total 141824K, used 20906K [0x00000006c0000000, 0x00000006c8a80000, 0x000000076ab00000)
  object space 141824K, 14% used [0x00000006c0000000,0x00000006c146aae0,0x00000006c8a80000)
 Metaspace       used 56668K, capacity 58770K, committed 59008K, reserved 1099776K
  class space    used 7370K, capacity 7778K, committed 7808K, reserved 1048576K
Event: 14.967 GC heap after
Heap after GC invocations=12 (full 3):
 PSYoungGen      total 285184K, used 0K [0x000000076ab00000, 0x0000000782680000, 0x00000007c0000000)
  eden space 269312K, 0% used [0x000000076ab00000,0x000000076ab00000,0x000000077b200000)
  from space 15872K, 0% used [0x000000077b200000,0x000000077b200000,0x000000077c180000)
  to   space 18432K, 0% used [0x0000000781480000,0x0000000781480000,0x0000000782680000)
 ParOldGen       total 196096K, used 35184K [0x00000006c0000000, 0x00000006cbf80000, 0x000000076ab00000)
  object space 196096K, 17% used [0x00000006c0000000,0x00000006c225c1e0,0x00000006cbf80000)
 Metaspace       used 56668K, capacity 58770K, committed 59008K, reserved 1099776K
  class space    used 7370K, capacity 7778K, committed 7808K, reserved 1048576K
}
Event: 17.204 GC heap before
{Heap before GC invocations=13 (full 3):
 PSYoungGen      total 285184K, used 264384K [0x000000076ab00000, 0x0000000782680000, 0x00000007c0000000)
  eden space 269312K, 98% used [0x000000076ab00000,0x000000077ad30360,0x000000077b200000)
  from space 15872K, 0% used [0x000000077b200000,0x000000077b200000,0x000000077c180000)
  to   space 18432K, 0% used [0x0000000781480000,0x0000000781480000,0x0000000782680000)
 ParOldGen       total 196096K, used 35184K [0x00000006c0000000, 0x00000006cbf80000, 0x000000076ab00000)
  object space 196096K, 17% used [0x00000006c0000000,0x00000006c225c1e0,0x00000006cbf80000)
 Metaspace       used 69659K, capacity 72446K, committed 72448K, reserved 1112064K
  class space    used 9287K, capacity 9982K, committed 9984K, reserved 1048576K
Event: 17.236 GC heap after
Heap after GC invocations=13 (full 3):
 PSYoungGen      total 363520K, used 18416K [0x000000076ab00000, 0x0000000782f80000, 0x00000007c0000000)
  eden space 345088K, 0% used [0x000000076ab00000,0x000000076ab00000,0x000000077fc00000)
  from space 18432K, 99% used [0x0000000781480000,0x000000078267c020,0x0000000782680000)
  to   space 25088K, 0% used [0x000000077fc00000,0x000000077fc00000,0x0000000781480000)
 ParOldGen       total 196096K, used 48707K [0x00000006c0000000, 0x00000006cbf80000, 0x000000076ab00000)
  object space 196096K, 24% used [0x00000006c0000000,0x00000006c2f90e58,0x00000006cbf80000)
 Metaspace       used 69659K, capacity 72446K, committed 72448K, reserved 1112064K
  class space    used 9287K, capacity 9982K, committed 9984K, reserved 1048576K
}
Event: 20.616 GC heap before
{Heap before GC invocations=14 (full 3):
 PSYoungGen      total 363520K, used 363504K [0x000000076ab00000, 0x0000000782f80000, 0x00000007c0000000)
  eden space 345088K, 100% used [0x000000076ab00000,0x000000077fc00000,0x000000077fc00000)
  from space 18432K, 99% used [0x0000000781480000,0x000000078267c020,0x0000000782680000)
  to   space 25088K, 0% used [0x000000077fc00000,0x000000077fc00000,0x0000000781480000)
 ParOldGen       total 196096K, used 48707K [0x00000006c0000000, 0x00000006cbf80000, 0x000000076ab00000)
  object space 196096K, 24% used [0x00000006c0000000,0x00000006c2f90e58,0x00000006cbf80000)
 Metaspace       used 74396K, capacity 77744K, committed 78080K, reserved 1116160K
  class space    used 9884K, capacity 10641K, committed 10752K, reserved 1048576K
Event: 20.675 GC heap after
Heap after GC invocations=14 (full 3):
 PSYoungGen      total 370176K, used 25072K [0x000000076ab00000, 0x000000078bb80000, 0x00000007c0000000)
  eden space 345088K, 0% used [0x000000076ab00000,0x000000076ab00000,0x000000077fc00000)
  from space 25088K, 99% used [0x000000077fc00000,0x000000078147c030,0x0000000781480000)
  to   space 48640K, 0% used [0x0000000788c00000,0x0000000788c00000,0x000000078bb80000)
 ParOldGen       total 196096K, used 102866K [0x00000006c0000000, 0x00000006cbf80000, 0x000000076ab00000)
  object space 196096K, 52% used [0x00000006c0000000,0x00000006c6474ae0,0x00000006cbf80000)
 Metaspace       used 74396K, capacity 77744K, committed 78080K, reserved 1116160K
  class space    used 9884K, capacity 10641K, committed 10752K, reserved 1048576K
}

